<?xml version="1.0" encoding="UTF-8"?>
<testng-results skipped="0" failed="0" total="5" passed="5">
  <reporter-output>
  </reporter-output>
  <suite name="Default suite" duration-ms="13182" started-at="2015-08-31T09:01:41Z" finished-at="2015-08-31T09:01:54Z">
    <groups>
    </groups>
    <test name="Default test" duration-ms="13182" started-at="2015-08-31T09:01:41Z" finished-at="2015-08-31T09:01:54Z">
      <class name="com.example.tests.ContactCreationTest">
        <test-method status="PASS" signature="contactNonEmptyCreationTest()[pri:0, instance:com.example.tests.ContactCreationTest@c39f790]" name="contactNonEmptyCreationTest" duration-ms="1878" started-at="2015-08-31T12:01:51Z" finished-at="2015-08-31T12:01:53Z">
          <reporter-output>
          </reporter-output>
        </test-method> <!-- contactNonEmptyCreationTest -->
      </class> <!-- com.example.tests.ContactCreationTest -->
      <class name="com.example.tests.AlsoGroupCreationTest">
        <test-method status="PASS" signature="groupEmptyCreationTest()[pri:0, instance:com.example.tests.AlsoGroupCreationTest@387c703b]" name="groupEmptyCreationTest" duration-ms="1365" started-at="2015-08-31T12:01:48Z" finished-at="2015-08-31T12:01:50Z">
          <reporter-output>
          </reporter-output>
        </test-method> <!-- groupEmptyCreationTest -->
        <test-method status="PASS" signature="groupNonEmptyCreationTest()[pri:0, instance:com.example.tests.AlsoGroupCreationTest@387c703b]" name="groupNonEmptyCreationTest" duration-ms="1399" started-at="2015-08-31T12:01:50Z" finished-at="2015-08-31T12:01:51Z">
          <reporter-output>
          </reporter-output>
        </test-method> <!-- groupNonEmptyCreationTest -->
      </class> <!-- com.example.tests.AlsoGroupCreationTest -->
      <class name="com.example.tests.GroupCreationTest">
        <test-method status="PASS" signature="groupEmptyCreationTest()[pri:0, instance:com.example.tests.GroupCreationTest@224aed64]" name="groupEmptyCreationTest" duration-ms="853" started-at="2015-08-31T12:01:46Z" finished-at="2015-08-31T12:01:47Z">
          <reporter-output>
          </reporter-output>
        </test-method> <!-- groupEmptyCreationTest -->
        <test-method status="PASS" signature="groupNonEmptyCreationTest()[pri:0, instance:com.example.tests.GroupCreationTest@224aed64]" name="groupNonEmptyCreationTest" duration-ms="1018" started-at="2015-08-31T12:01:47Z" finished-at="2015-08-31T12:01:48Z">
          <reporter-output>
          </reporter-output>
        </test-method> <!-- groupNonEmptyCreationTest -->
      </class> <!-- com.example.tests.GroupCreationTest -->
      <class name="com.example.tests.TestBase">
        <test-method status="PASS" signature="setUp()[pri:0, instance:com.example.tests.TestBase@22a71081]" name="setUp" is-config="true" duration-ms="5660" started-at="2015-08-31T12:01:41Z" finished-at="2015-08-31T12:01:46Z">
          <reporter-output>
          </reporter-output>
        </test-method> <!-- setUp -->
        <test-method status="PASS" signature="tearDown()[pri:0, instance:com.example.tests.TestBase@22a71081]" name="tearDown" is-config="true" duration-ms="991" started-at="2015-08-31T12:01:53Z" finished-at="2015-08-31T12:01:54Z">
          <reporter-output>
          </reporter-output>
        </test-method> <!-- tearDown -->
      </class> <!-- com.example.tests.TestBase -->
    </test> <!-- Default test -->
  </suite> <!-- Default suite -->
</testng-results>
