<?xml version="1.0" encoding="UTF-8"?>
<!-- Generated by org.testng.reporters.JUnitXMLReporter -->
<testsuite hostname="IVOLZHEV" name="Default test" tests="5" failures="0" timestamp="31 Aug 2015 08:46:59 GMT" time="15.282" errors="0">
  <testcase name="groupEmptyCreationTest" time="1.61" classname="com.example.tests.GroupCreationTest"/>
  <testcase name="groupNonEmptyCreationTest" time="1.518" classname="com.example.tests.GroupCreationTest"/>
  <testcase name="groupEmptyCreationTest" time="1.379" classname="com.example.tests.AlsoGroupCreationTest"/>
  <testcase name="groupNonEmptyCreationTest" time="1.434" classname="com.example.tests.AlsoGroupCreationTest"/>
  <testcase name="contactNonEmptyCreationTest" time="2.038" classname="com.example.tests.ContactCreationTest"/>
</testsuite> <!-- Default test -->
