<?xml version="1.0" encoding="UTF-8"?>
<!-- Generated by org.testng.reporters.JUnitXMLReporter -->
<testsuite hostname="IVOLZHEV" name="Default test" tests="5" failures="0" timestamp="31 Aug 2015 09:01:54 GMT" time="13.182" errors="0">
  <testcase name="groupEmptyCreationTest" time="0.853" classname="com.example.tests.GroupCreationTest"/>
  <testcase name="groupNonEmptyCreationTest" time="1.018" classname="com.example.tests.GroupCreationTest"/>
  <testcase name="groupEmptyCreationTest" time="1.365" classname="com.example.tests.AlsoGroupCreationTest"/>
  <testcase name="groupNonEmptyCreationTest" time="1.399" classname="com.example.tests.AlsoGroupCreationTest"/>
  <testcase name="contactNonEmptyCreationTest" time="1.878" classname="com.example.tests.ContactCreationTest"/>
</testsuite> <!-- Default test -->
